#
# There is insufficient memory for the Java Runtime Environment to continue.
# Native memory allocation (malloc) failed to allocate 1048576 bytes for AllocateHeap
# Possible reasons:
#   The system is out of physical RAM or swap space
#   The process is running with CompressedOops enabled, and the Java Heap may be blocking the growth of the native heap
# Possible solutions:
#   Reduce memory load on the system
#   Increase physical memory or swap space
#   Check if swap backing store is full
#   Decrease Java heap size (-Xmx/-Xms)
#   Decrease number of Java threads
#   Decrease Java thread stack sizes (-Xss)
#   Set larger code cache with -XX:ReservedCodeCacheSize=
#   JVM is running with Zero Based Compressed Oops mode in which the Java heap is
#     placed in the first 32GB address space. The Java Heap base address is the
#     maximum limit for the native heap growth. Please use -XX:HeapBaseMinAddress
#     to set the Java Heap base and to place the Java Heap above 32GB virtual address.
# This output file may be truncated or incomplete.
#
#  Out of Memory Error (memory/allocation.inline.hpp:61), pid=9056, tid=0x0000000000001d68
#
# JRE version:  (8.0_201-b09) (build )
# Java VM: Java HotSpot(TM) 64-Bit Server VM (25.201-b09 mixed mode windows-amd64 compressed oops)
# Failed to write core dump. Minidumps are not enabled by default on client versions of Windows
#

---------------  T H R E A D  ---------------

Current thread (0x0000000002cb2800):  JavaThread "Unknown thread" [_thread_in_vm, id=7528, stack(0x0000000002b30000,0x0000000002c30000)]

Stack: [0x0000000002b30000,0x0000000002c30000]
[error occurred during error reporting (printing stack bounds), id 0xc0000005]

Native frames: (J=compiled Java code, j=interpreted, Vv=VM code, C=native code)


---------------  P R O C E S S  ---------------

Java Threads: ( => current thread )

Other Threads:

=>0x0000000002cb2800 (exited) JavaThread "Unknown thread" [_thread_in_vm, id=7528, stack(0x0000000002b30000,0x0000000002c30000)]

VM state:not at safepoint (normal execution)

VM Mutex/Monitor currently owned by a thread: None

heap address: 0x00000006c1e00000, size: 4066 MB, Compressed Oops mode: Zero based, Oop shift amount: 3
Narrow klass base: 0x0000000000000000, Narrow klass shift: 3
Compressed class space size: 1073741824 Address: 0x00000007c0000000

Heap:
 PSYoungGen      total 76288K, used 1310K [0x000000076b500000, 0x0000000770a00000, 0x00000007c0000000)
  eden space 65536K, 2% used [0x000000076b500000,0x000000076b647af0,0x000000076f500000)
  from space 10752K, 0% used [0x000000076ff80000,0x000000076ff80000,0x0000000770a00000)
  to   space 10752K, 0% used [0x000000076f500000,0x000000076f500000,0x000000076ff80000)
 ParOldGen       total 175104K, used 0K [0x00000006c1e00000, 0x00000006cc900000, 0x000000076b500000)
  object space 175104K, 0% used [0x00000006c1e00000,0x00000006c1e00000,0x00000006cc900000)
 Metaspace       used 751K, capacity 4480K, committed 4480K, reserved 1056768K
  class space    used 76K, capacity 384K, committed 384K, reserved 1048576K

Card table byte_map: [0x0000000012170000,0x0000000012970000] byte_map_base: 0x000000000eb61000

Marking Bits: (ParMarkBitMap*) 0x0000000067584ce0
 Begin Bits: [0x00000000138c0000, 0x0000000017848000)
 End Bits:   [0x0000000017848000, 0x000000001b7d0000)

Polling page: 0x00000000011e0000

CodeCache: size=245760Kb used=328Kb max_used=328Kb free=245431Kb
 bounds [0x0000000002db0000, 0x0000000003020000, 0x0000000011db0000]
 total_blobs=58 nmethods=0 adapters=38
 compilation: enabled

Compilation events (0 events):
No events

GC Heap History (0 events):
No events

Deoptimization events (0 events):
No events

Classes redefined (0 events):
No events

Internal exceptions (0 events):
No events

Events (10 events):
Event: 0.021 loading class java/lang/Short
Event: 0.021 loading class java/lang/Short done
Event: 0.021 loading class java/lang/Integer
Event: 0.021 loading class java/lang/Integer done
Event: 0.021 loading class java/lang/Long
Event: 0.021 loading class java/lang/Long done
Event: 0.021 loading class java/lang/NullPointerException
Event: 0.021 loading class java/lang/NullPointerException done
Event: 0.022 loading class java/lang/ArithmeticException
Event: 0.022 loading class java/lang/ArithmeticException done


Dynamic libraries:
0x00007ff7d85e0000 - 0x00007ff7d8617000 	E:\My stuff\Software Programs\java+eclipse\Java\java instalation\bin\javaw.exe
0x00007ffcb04f0000 - 0x00007ffcb06dd000 	C:\Windows\SYSTEM32\ntdll.dll
0x00007ffcada00000 - 0x00007ffcadab3000 	C:\Windows\System32\KERNEL32.DLL
0x00007ffcac7c0000 - 0x00007ffcaca53000 	C:\Windows\System32\KERNELBASE.dll
0x00007ffcad720000 - 0x00007ffcad7c3000 	C:\Windows\System32\ADVAPI32.dll
0x00007ffcafac0000 - 0x00007ffcafb5e000 	C:\Windows\System32\msvcrt.dll
0x00007ffcaffb0000 - 0x00007ffcb004e000 	C:\Windows\System32\sechost.dll
0x00007ffcafe80000 - 0x00007ffcaffa2000 	C:\Windows\System32\RPCRT4.dll
0x00007ffcb01c0000 - 0x00007ffcb0357000 	C:\Windows\System32\USER32.dll
0x00007ffcac7a0000 - 0x00007ffcac7c0000 	C:\Windows\System32\win32u.dll
0x00007ffcaf610000 - 0x00007ffcaf639000 	C:\Windows\System32\GDI32.dll
0x00007ffcacb60000 - 0x00007ffcaccfa000 	C:\Windows\System32\gdi32full.dll
0x00007ffcad520000 - 0x00007ffcad5c0000 	C:\Windows\System32\msvcp_win.dll
0x00007ffcaca60000 - 0x00007ffcacb5a000 	C:\Windows\System32\ucrtbase.dll
0x00007ffc92ae0000 - 0x00007ffc92d59000 	C:\Windows\WinSxS\amd64_microsoft.windows.common-controls_6595b64144ccf1df_6.0.17763.404_none_05b33d58072110de\COMCTL32.dll
0x00007ffcadcd0000 - 0x00007ffcadffc000 	C:\Windows\System32\combase.dll
0x00007ffcad5f0000 - 0x00007ffcad66e000 	C:\Windows\System32\bcryptPrimitives.dll
0x00007ffcb0490000 - 0x00007ffcb04be000 	C:\Windows\System32\IMM32.DLL
0x0000000067ba0000 - 0x0000000067c71000 	E:\My stuff\Software Programs\java+eclipse\Java\java instalation\bin\msvcr100.dll
0x0000000066d60000 - 0x0000000067604000 	E:\My stuff\Software Programs\java+eclipse\Java\java instalation\bin\server\jvm.dll
0x00007ffcad850000 - 0x00007ffcad858000 	C:\Windows\System32\PSAPI.DLL
0x00007ffca0640000 - 0x00007ffca0649000 	C:\Windows\SYSTEM32\WSOCK32.dll
0x00007ffca97b0000 - 0x00007ffca97d4000 	C:\Windows\SYSTEM32\WINMM.dll
0x00007ffc9ecc0000 - 0x00007ffc9ecca000 	C:\Windows\SYSTEM32\VERSION.dll
0x00007ffcaf5a0000 - 0x00007ffcaf60d000 	C:\Windows\System32\WS2_32.dll
0x00007ffca9780000 - 0x00007ffca97ad000 	C:\Windows\SYSTEM32\WINMMBASE.dll
0x00007ffcacd00000 - 0x00007ffcacd4a000 	C:\Windows\System32\cfgmgr32.dll
0x00007ffca03e0000 - 0x00007ffca03ef000 	E:\My stuff\Software Programs\java+eclipse\Java\java instalation\bin\verify.dll
0x00007ffc8daf0000 - 0x00007ffc8db19000 	E:\My stuff\Software Programs\java+eclipse\Java\java instalation\bin\java.dll
0x00007ffc91b20000 - 0x00007ffc91b36000 	E:\My stuff\Software Programs\java+eclipse\Java\java instalation\bin\zip.dll

VM Arguments:
jvm_args: -Dfile.encoding=Cp1252 
java_command: gui.Game
java_class_path (initial): E:\My stuff\Software Programs\java+eclipse\Java\java instalation\lib\resources.jar;E:\My stuff\Software Programs\java+eclipse\Java\java instalation\lib\rt.jar;E:\My stuff\Software Programs\java+eclipse\Java\java instalation\lib\jsse.jar;E:\My stuff\Software Programs\java+eclipse\Java\java instalation\lib\jce.jar;E:\My stuff\Software Programs\java+eclipse\Java\java instalation\lib\charsets.jar;E:\My stuff\Software Programs\java+eclipse\Java\java instalation\lib\jfr.jar;E:\My stuff\Software Programs\java+eclipse\Java\java instalation\lib\ext\access-bridge-64.jar;E:\My stuff\Software Programs\java+eclipse\Java\java instalation\lib\ext\cldrdata.jar;E:\My stuff\Software Programs\java+eclipse\Java\java instalation\lib\ext\dnsns.jar;E:\My stuff\Software Programs\java+eclipse\Java\java instalation\lib\ext\jaccess.jar;E:\My stuff\Software Programs\java+eclipse\Java\java instalation\lib\ext\jfxrt.jar;E:\My stuff\Software Programs\java+eclipse\Java\java instalation\lib\ext\localedata.jar;E:\My stuff\Software Programs\java+eclipse\Java\java instalation\lib\ext\nashorn.jar;E:\My stuff\Software Programs\java+eclipse\Java\java instalation\lib\ext\sunec.jar;E:\My stuff\Software Programs\java+eclipse\Java\java instalation\lib\ext\sunjce_provider.jar;E:\My stuff\Software Programs\java+eclipse\Java\java instalation\lib\ext\sunmscapi.jar;E:\My stuff\Software Programs\java+eclipse\Java\java instalation\lib\ext\sunpkcs11.jar;E:\My stuff\Software Programs\java+eclipse\Java\java instalation\lib\ext\zipfs.jar;E:\My stuff\Software Programs\java+eclipse\Work Place\MineSweeper\bin
Launcher Type: SUN_STANDARD

Environment Variables:
PATH=E:/My stuff/Software Programs/java+eclipse/Java/java instalation/bin/server;E:/My stuff/Software Programs/java+eclipse/Java/java instalation/bin;E:/My stuff/Software Programs/java+eclipse/Java/java instalation/lib/amd64;C:\Program Files (x86)\Common Files\Oracle\Java\javapath;C:\Program Files (x86)\Intel\Intel(R) Management Engine Components\iCLS\;C:\Program Files\Intel\Intel(R) Management Engine Components\iCLS\;C:\Windows\system32;C:\Windows;C:\Windows\System32\Wbem;C:\Windows\System32\WindowsPowerShell\v1.0\;C:\Program Files (x86)\Intel\Intel(R) Management Engine Components\DAL;C:\Program Files\Intel\Intel(R) Management Engine Components\DAL;C:\Program Files (x86)\Intel\Intel(R) Management Engine Components\IPT;C:\Program Files\Intel\Intel(R) Management Engine Components\IPT;C:\Program Files (x86)\NVIDIA Corporation\PhysX\Common;C:\Windows\system32;C:\Windows;C:\Windows\System32\Wbem;C:\Windows\System32\WindowsPowerShell\v1.0\;C:\Windows\System32\OpenSSH\;C:\Program Files\dotnet\;C:\Program Files\Microsoft SQL Server\130\Tools\Binn\;E:\My stuff\Software Programs\node.js\;C:\Users\Leor Ariel Rose\AppData\Local\Microsoft\WindowsApps;;E:\My stuff\Software Programs\visual code\Microsoft VS Code\bin;C:\Users\Leor Ariel Rose\AppData\Roaming\npm;C:\Users\Leor Ariel Rose\Desktop\Software;
USERNAME=Leor Ariel Rose
OS=Windows_NT
PROCESSOR_IDENTIFIER=Intel64 Family 6 Model 158 Stepping 10, GenuineIntel



---------------  S Y S T E M  ---------------

OS: Windows 10.0 , 64 bit Build 17763 (10.0.17763.404)

CPU:total 12 (initial active 12) (6 cores per cpu, 2 threads per core) family 6 model 158 stepping 10, cmov, cx8, fxsr, mmx, sse, sse2, sse3, ssse3, sse4.1, sse4.2, popcnt, avx, avx2, aes, clmul, erms, 3dnowpref, lzcnt, ht, tsc, tscinvbit, bmi1, bmi2, adx

Memory: 4k page, physical 16647476k(6783276k free), swap 44464560k(4580k free)

vm_info: Java HotSpot(TM) 64-Bit Server VM (25.201-b09) for windows-amd64 JRE (1.8.0_201-b09), built on Dec 15 2018 18:36:39 by "java_re" with MS VC++ 10.0 (VS2010)

time: Mon Apr 08 22:37:07 2019
timezone: Jerusalem Daylight Time
elapsed time: 0 seconds (0d 0h 0m 0s)

